<?xml version="1.0" encoding="UTF-8"?>
<testng-results ignored="0" total="1" passed="1" failed="0" skipped="0">
  <reporter-output>
  </reporter-output>
  <suite started-at="2023-05-04T17:34:15 EET" name="Default suite" finished-at="2023-05-04T17:34:34 EET" duration-ms="18369">
    <groups>
    </groups>
    <test started-at="2023-05-04T17:34:15 EET" name="Default test" finished-at="2023-05-04T17:34:34 EET" duration-ms="18369">
      <class name="AppuimFirstTry">
        <test-method is-config="true" signature="myBeforeTest()[pri:0, instance:AppuimFirstTry@37afeb11]" started-at="2023-05-04T17:34:15 EET" name="myBeforeTest" finished-at="2023-05-04T17:34:16 EET" duration-ms="19" status="PASS">
          <reporter-output>
          </reporter-output>
        </test-method> <!-- myBeforeTest -->
        <test-method signature="Open_the_application()[pri:0, instance:AppuimFirstTry@37afeb11]" started-at="2023-05-04T17:34:16 EET" name="Open_the_application" finished-at="2023-05-04T17:34:34 EET" duration-ms="18317" status="PASS">
          <reporter-output>
          </reporter-output>
        </test-method> <!-- Open_the_application -->
      </class> <!-- AppuimFirstTry -->
    </test> <!-- Default test -->
  </suite> <!-- Default suite -->
</testng-results>
